Arguments: 
  /usr/local/bin/node /usr/local/Cellar/yarn/1.19.1/libexec/bin/yarn.js init

PATH: 
  /usr/local/bin:/usr/bin:/bin:/usr/sbin:/sbin:/Users/fralyx/Android/sdk:/Users/fralyx/Android/sdk/tools:/Users/fralyx/Android/sdk/platform-tools:/Users/fralyx/flutter/bin:/Users/fralyx/Android/sdk:/Users/fralyx/Android/sdk/tools:/Users/fralyx/Android/sdk/platform-tools:/Users/fralyx/flutter/bin

Yarn version: 
  1.19.1

Node version: 
  10.16.3

Platform: 
  darwin x64

Trace: 
  SyntaxError: /Users/fralyx/Documents/workspace/SpaceX/grapi/package.json: Unexpected end of JSON input
      at JSON.parse (<anonymous>)
      at /usr/local/Cellar/yarn/1.19.1/libexec/lib/cli.js:1625:59
      at Generator.next (<anonymous>)
      at step (/usr/local/Cellar/yarn/1.19.1/libexec/lib/cli.js:304:30)
      at /usr/local/Cellar/yarn/1.19.1/libexec/lib/cli.js:315:13

npm manifest: 
  

yarn manifest: 
  No manifest

Lockfile: 
  No lockfile
